Removed Pin From Net: NetName=GND Pin=C4-1
Removed Pin From Net: NetName=NetC5_1 Pin=C5-1
Removed Pin From Net: NetName=GND Pin=C5-2
Removed Pin From Net: NetName=NetC6_1 Pin=C6-1
Removed Pin From Net: NetName=GND Pin=C6-2
Removed Pin From Net: NetName=NetC7_1 Pin=C7-1
Removed Pin From Net: NetName=GND Pin=C7-2
Removed Pin From Net: NetName=GND Pin=IC1-8
Added Component: Designator=C4(CAP-Y2)
Add component. Clean all parameters for all variants
Add component (AddParameter): Name = "Value"; Value = "100 ьн"; VariantName = "[No Variations]"
Added Component: Designator=C5(CAP-Y2)
Add component. Clean all parameters for all variants
Add component (AddParameter): Name = "Value"; Value = "100 ьн"; VariantName = "[No Variations]"
Added Component: Designator=C6(CAP-Y2)
Add component. Clean all parameters for all variants
Add component (AddParameter): Name = "Value"; Value = "100 ьн"; VariantName = "[No Variations]"
Added Component: Designator=C7(CAP-Y2)
Add component. Clean all parameters for all variants
Add component (AddParameter): Name = "Value"; Value = "100 ьн"; VariantName = "[No Variations]"
Added Pin To Net: NetName=GND Pin=C3-1
Added Pin To Net: NetName=GND Pin=C4-1
Added Pin To Net: NetName=GND Pin=C4-2
Added Pin To Net: NetName=NetC5_1 Pin=C5-1
Added Pin To Net: NetName=GND Pin=C5-2
Added Pin To Net: NetName=NetC6_1 Pin=C6-1
Added Pin To Net: NetName=GND Pin=C6-2
Added Pin To Net: NetName=NetC7_1 Pin=C7-1
Added Pin To Net: NetName=GND Pin=C7-2
Added Pin To Net: NetName=GND Pin=C9-1
Added Pin To Net: NetName=GND Pin=DR1-2
Added Pin To Net: NetName=buzzer Pin=IC1-2
Added Pin To Net: NetName=button1 Pin=IC1-4
Added Pin To Net: NetName=GND Pin=IC1-7
Added Pin To Net: NetName=button2 Pin=IC1-12
Added Pin To Net: NetName=ds18b20 Pin=IC1-13
Added Pin To Net: NetName=LED Pin=IC1-17
Added Pin To Net: NetName=photores Pin=IC1-23
Added Pin To Net: NetName=SDA Pin=IC1-27
Added Pin To Net: NetName=SCL Pin=IC1-28
Added Pin To Net: NetName=GND Pin=IC3-3
Added Pin To Net: NetName=GND Pin=Q1-1
Added Pin To Net: NetName=GND Pin=R1-2
Added Pin To Net: NetName=GND Pin=R2-1
Added Pin To Net: NetName=GND Pin=R7-2
Added Pin To Net: NetName=GND Pin=R8-2
Added Pin To Net: NetName=GND Pin=XP1-3
Added Pin To Net: NetName=GND Pin=XS1-4
Change Net Name : Old Net Name=GND New Net Name=+5V
Added Member To Class: ClassName=Atmega8_Clock Member=Component IC1 ATMEGA8-16PU
Added Room: Name=Atmega8_Clock
